app/build/intermediates/manifest_merge_blame_file/debug/manifest-merger-blame-debug-report.txt
1<?xml version="1.0" encoding="utf-8"?>
2<manifest xmlns:android="http://schemas.android.com/apk/res/android"
3    package="com.adityasundawa.id"
4    android:versionCode="1"
5    android:versionName="1.0" >
6
7    <uses-sdk
8        android:minSdkVersion="21"
8-->src\main\AndroidManifest.xml
9        android:targetSdkVersion="29" />
9-->src\main\AndroidManifest.xml
10
11    <application
11-->src\main\AndroidManifest.xml:5:5-23:19
12        android:allowBackup="true"
12-->src\main\AndroidManifest.xml:6:9-35
13        android:appComponentFactory="androidx.core.app.CoreComponentFactory"
13-->[androidx.core:core:1.0.2] AndroidManifest.xml:22:18-86
14        android:debuggable="true"
15        android:icon="@mipmap/ic_launcher"
15-->src\main\AndroidManifest.xml:7:9-43
16        android:label="@string/app_name"
16-->src\main\AndroidManifest.xml:8:9-41
17        android:roundIcon="@mipmap/ic_launcher_round"
17-->src\main\AndroidManifest.xml:9:9-54
18        android:supportsRtl="true"
18-->src\main\AndroidManifest.xml:10:9-35
19        android:testOnly="true"
20        android:theme="@style/AppTheme" >
20-->src\main\AndroidManifest.xml:11:9-40
21        <activity
21-->src\main\AndroidManifest.xml:12:9-17:20
22            android:name="com.adityasundawa.id.SplashActivity"
22-->src\main\AndroidManifest.xml:12:19-49
23            android:theme="@style/Cloud" >
23-->src\main\AndroidManifest.xml:12:50-78
24            <intent-filter>
24-->src\main\AndroidManifest.xml:13:13-16:29
25                <action android:name="android.intent.action.MAIN" />
25-->src\main\AndroidManifest.xml:14:17-69
25-->src\main\AndroidManifest.xml:14:25-66
26
27                <category android:name="android.intent.category.LAUNCHER" />
27-->src\main\AndroidManifest.xml:15:17-77
27-->src\main\AndroidManifest.xml:15:27-74
28            </intent-filter>
29        </activity>
30        <activity android:name="com.adityasundawa.id.EditActivity" />
30-->src\main\AndroidManifest.xml:18:9-50
30-->src\main\AndroidManifest.xml:18:19-47
31        <activity android:name="com.adityasundawa.id.ProfileActivity" />
31-->src\main\AndroidManifest.xml:19:9-53
31-->src\main\AndroidManifest.xml:19:19-50
32        <activity android:name="com.adityasundawa.id.MainActivity" >
32-->src\main\AndroidManifest.xml:20:9-22:20
32-->src\main\AndroidManifest.xml:20:19-47
33        </activity>
34    </application>
35
36</manifest>